<?xml version="1.0" encoding="UTF-8"?>
<coverage generated="1499187311071" clover="3.2.0">
  <project timestamp="1499187311071" name="All files">
    <metrics statements="8" coveredstatements="4" conditionals="4" coveredconditionals="2" methods="3" coveredmethods="2" elements="15" coveredelements="8" complexity="0" loc="8" ncloc="8" packages="1" files="3" classes="3">
      <file name="get-age.js" path="/Users/aplchian/Desktop/code/practice/set-up-jest/get-age.js">
        <metrics statements="3" coveredstatements="2" conditionals="2" coveredconditionals="1" methods="1" coveredmethods="1"/>
        <line num="4" count="1" type="cond" truecount="1" falsecount="1"/>
        <line num="5" count="0" type="stmt"/>
        <line num="7" count="1" type="stmt"/>
      </file>
      <file name="subtract.js" path="/Users/aplchian/Desktop/code/practice/set-up-jest/subtract.js">
        <metrics statements="2" coveredstatements="0" conditionals="0" coveredconditionals="0" methods="1" coveredmethods="0"/>
        <line num="1" count="0" type="stmt"/>
        <line num="4" count="0" type="stmt"/>
      </file>
      <file name="sum.js" path="/Users/aplchian/Desktop/code/practice/set-up-jest/sum.js">
        <metrics statements="3" coveredstatements="2" conditionals="2" coveredconditionals="1" methods="1" coveredmethods="1"/>
        <line num="4" count="1" type="cond" truecount="1" falsecount="1"/>
        <line num="5" count="0" type="stmt"/>
        <line num="7" count="1" type="stmt"/>
      </file>
    </metrics>
  </project>
</coverage>
